<?xml version="1.0" encoding="UTF-8"?>
<testng-results ignored="0" total="1" passed="1" failed="0" skipped="0">
  <reporter-output>
  </reporter-output>
  <suite started-at="2022-05-23T09:19:56Z" name="Default suite" finished-at="2022-05-23T09:19:59Z" duration-ms="2997">
    <groups>
    </groups>
    <test started-at="2022-05-23T09:19:56Z" name="Default test" finished-at="2022-05-23T09:19:59Z" duration-ms="2997">
      <class name="mindtree.example.fetch">
        <test-method signature="Test1()[pri:0, instance:mindtree.example.fetch@6ee4d9ab]" started-at="2022-05-23T09:19:56Z" name="Test1" finished-at="2022-05-23T09:19:59Z" duration-ms="2963" status="PASS">
          <reporter-output>
          </reporter-output>
        </test-method> <!-- Test1 -->
      </class> <!-- mindtree.example.fetch -->
    </test> <!-- Default test -->
  </suite> <!-- Default suite -->
</testng-results>
